<?xml version="1.0" encoding="UTF-8"?>
<testng-results total="2" passed="2" failed="0" skipped="0">
  <reporter-output>
  </reporter-output>
  <suite started-at="2018-09-25T17:40:40Z" name="Palcura Web" finished-at="2018-09-25T17:41:04Z" duration-ms="23277">
    <groups>
    </groups>
    <test started-at="2018-09-25T17:40:40Z" name="Test Suite palcura" finished-at="2018-09-25T17:41:04Z" duration-ms="23277">
      <class name="testCase.TC02_Login">
        <test-method signature="login(java.lang.String, java.lang.String)" started-at="2018-09-25T17:40:40Z" name="login" finished-at="2018-09-25T17:40:46Z" duration-ms="5648" status="PASS">
          <params>
            <param index="0">
              <value>
                <![CDATA[ashishsitter@mailinator.com]]>
              </value>
            </param>
            <param index="1">
              <value>
                <![CDATA[321321321]]>
              </value>
            </param>
          </params>
        </test-method>
      </class>
      <class name="testCase.TC03_Profile">
        <test-method is-config="true" signature="openBrowser(java.lang.String, java.lang.String)" started-at="2018-09-25T17:40:28Z" name="openBrowser" finished-at="2018-09-25T17:40:40Z" duration-ms="12416" status="PASS">
          <params>
            <param index="0">
              <value>
                <![CDATA[Chrome]]>
              </value>
            </param>
            <param index="1">
              <value>
                <![CDATA[http://192.168.1.250:8083/Palcura]]>
              </value>
            </param>
          </params>
        </test-method>
        <test-method signature="editProfile()" started-at="2018-09-25T17:40:46Z" name="editProfile" finished-at="2018-09-25T17:41:04Z" duration-ms="17620" status="PASS">
        </test-method>
      </class>
    </test>
  </suite>
</testng-results>
