<?xml version="1.0" encoding="UTF-8"?>
<!-- Generated by org.testng.reporters.JUnitXMLReporter -->
<testsuite ignored="1" hostname="com37" failures="0" tests="2" name="Test Suite palcura" time="65.211" errors="0" timestamp="26 Sep 2018 06:40:46 GMT">
  <testcase classname="testCase.TC02_Login" name="login" time="13.051"/>
  <testcase classname="testCase.TC03_Profile" name="editProfile" time="52.048"/>
  <testcase classname="utilities.SeleniumUtilis" name="@BeforeSuite openBrowser" time="0.0">
    <ignored/>
  </testcase> <!-- @BeforeSuite openBrowser -->
</testsuite> <!-- Test Suite palcura -->
